Arguments: 
  /home/yazaldefilimone/.nvm/versions/node/v18.13.0/bin/node /home/yazaldefilimone/.nvm/versions/node/v18.13.0/bin/yarn init

PATH: 
  /opt/nvim-linux64/bin:/home/yazaldefilimone/.nvm/versions/node/v18.13.0/bin:/home/yazaldefilimone/.local/share/zinit/polaris/bin:/home/yazaldefilimone/.cargo/bin:/home/yazaldefilimone/.local/bin:/usr/local/sbin:/usr/local/bin:/usr/sbin:/usr/bin:/sbin:/bin:/usr/games:/usr/local/games:/snap/bin:/snap/bin:/usr/lib/jvm/java-1.11.0-openjdk-amd64/bin:/home/yazaldefilimone/Android/Sdk/emulator:/home/yazaldefilimone/Android/Sdk/tools:/home/yazaldefilimone/Android/Sdk/tools/bin:/home/yazaldefilimone/Android/Sdk/platform-tools:/zig/zig

Yarn version: 
  1.22.19

Node version: 
  18.13.0

Platform: 
  linux x64

Trace: 
  Error: canceled
      at Interface.<anonymous> (/home/yazaldefilimone/.nvm/versions/node/v18.13.0/lib/node_modules/yarn/lib/cli.js:137150:13)
      at Interface.emit (node:events:513:28)
      at [_ttyWrite] [as _ttyWrite] (node:internal/readline/interface:1130:18)
      at ReadStream.onkeypress (node:internal/readline/interface:270:20)
      at ReadStream.emit (node:events:513:28)
      at emitKeys (node:internal/readline/utils:357:14)
      at emitKeys.next (<anonymous>)
      at ReadStream.onData (node:internal/readline/emitKeypressEvents:64:36)
      at ReadStream.emit (node:events:513:28)
      at addChunk (node:internal/streams/readable:324:12)

npm manifest: 
  No manifest

yarn manifest: 
  No manifest

Lockfile: 
  No lockfile
